[debug] [2022-08-30T21:18:32.022Z] ----------------------------------------------------------------------
[debug] [2022-08-30T21:18:32.023Z] Command:       C:\Program Files\nodejs\node.exe C:\Users\khube\AppData\Roaming\npm\node_modules\firebase-tools\lib\bin\firebase.js deploy
[debug] [2022-08-30T21:18:32.023Z] CLI Version:   10.7.2
[debug] [2022-08-30T21:18:32.023Z] Platform:      win32
[debug] [2022-08-30T21:18:32.024Z] Node Version:  v16.13.2
[debug] [2022-08-30T21:18:32.026Z] Time:          Tue Aug 30 2022 23:18:32 GMT+0200 (czas środkowoeuropejski letni)
[debug] [2022-08-30T21:18:32.026Z] ----------------------------------------------------------------------
[debug] 
[debug] [2022-08-30T21:18:32.028Z] >>> [apiv2][query] GET https://firebase-public.firebaseio.com/cli.json [none]
[debug] [2022-08-30T21:18:32.081Z] > command requires scopes: ["email","openid","https://www.googleapis.com/auth/cloudplatformprojects.readonly","https://www.googleapis.com/auth/firebase","https://www.googleapis.com/auth/cloud-platform"]
[debug] [2022-08-30T21:18:32.081Z] > authorizing via signed-in user (olesnicawiara.zsz@gmail.com)
[debug] [2022-08-30T21:18:32.082Z] [iam] checking project simply-c2c77 for permissions ["firebase.projects.get","firebasehosting.sites.update"]
[debug] [2022-08-30T21:18:32.082Z] > refreshing access token with scopes: []
[debug] [2022-08-30T21:18:32.083Z] >>> HTTP REQUEST POST https://www.googleapis.com/oauth2/v3/token  
 <request body omitted>
[debug] [2022-08-30T21:18:33.396Z] <<< HTTP RESPONSE 200 {"date":"Tue, 30 Aug 2022 21:18:37 GMT","expires":"Mon, 01 Jan 1990 00:00:00 GMT","pragma":"no-cache","cache-control":"no-cache, no-store, max-age=0, must-revalidate","content-type":"application/json; charset=utf-8","vary":"X-Origin, Referer, Origin,Accept-Encoding","server":"scaffolding on HTTPServer2","x-xss-protection":"0","x-frame-options":"SAMEORIGIN","x-content-type-options":"nosniff","alt-svc":"h3=\":443\"; ma=2592000,h3-29=\":443\"; ma=2592000,h3-Q050=\":443\"; ma=2592000,h3-Q046=\":443\"; ma=2592000,h3-Q043=\":443\"; ma=2592000,quic=\":443\"; ma=2592000; v=\"46,43\"","accept-ranges":"none","transfer-encoding":"chunked"}
[debug] [2022-08-30T21:18:33.412Z] >>> [apiv2][query] POST https://cloudresourcemanager.googleapis.com/v1/projects/simply-c2c77:testIamPermissions [none]
[debug] [2022-08-30T21:18:33.412Z] >>> [apiv2][body] POST https://cloudresourcemanager.googleapis.com/v1/projects/simply-c2c77:testIamPermissions {"permissions":["firebase.projects.get","firebasehosting.sites.update"]}
[debug] [2022-08-30T21:18:33.430Z] <<< [apiv2][status] GET https://firebase-public.firebaseio.com/cli.json 200
[debug] [2022-08-30T21:18:33.430Z] <<< [apiv2][body] GET https://firebase-public.firebaseio.com/cli.json {"cloudBuildErrorAfter":1594252800000,"cloudBuildWarnAfter":1590019200000,"defaultNode10After":1594252800000,"minVersion":"3.0.5","node8DeploysDisabledAfter":1613390400000,"node8RuntimeDisabledAfter":1615809600000,"node8WarnAfter":1600128000000}
[debug] [2022-08-30T21:18:34.411Z] <<< [apiv2][status] POST https://cloudresourcemanager.googleapis.com/v1/projects/simply-c2c77:testIamPermissions 200
[debug] [2022-08-30T21:18:34.411Z] <<< [apiv2][body] POST https://cloudresourcemanager.googleapis.com/v1/projects/simply-c2c77:testIamPermissions {}
[debug] [2022-08-30T21:18:34.412Z] [iam] error while checking permissions, command may fail: FirebaseError: Authorization failed. This account is missing the following required permissions on project simply-c2c77:

  firebase.projects.get
  firebasehosting.sites.update
[debug] [2022-08-30T21:18:34.413Z] >>> [apiv2][query] GET https://firebase.googleapis.com/v1beta1/projects/simply-c2c77 [none]
[debug] [2022-08-30T21:18:34.845Z] <<< [apiv2][status] GET https://firebase.googleapis.com/v1beta1/projects/simply-c2c77 403
[debug] [2022-08-30T21:18:34.845Z] <<< [apiv2][body] GET https://firebase.googleapis.com/v1beta1/projects/simply-c2c77 {"error":{"code":403,"message":"The caller does not have permission","status":"PERMISSION_DENIED"}}
[debug] [2022-08-30T21:18:34.846Z] HTTP Error: 403, The caller does not have permission
[debug] [2022-08-30T21:18:34.847Z] FirebaseError: HTTP Error: 403, The caller does not have permission
    at module.exports (C:\Users\khube\AppData\Roaming\npm\node_modules\firebase-tools\lib\responseToError.js:47:12)
    at RetryOperation._fn (C:\Users\khube\AppData\Roaming\npm\node_modules\firebase-tools\lib\apiv2.js:286:39)
    at processTicksAndRejections (node:internal/process/task_queues:96:5)
[error] 
[error] Error: Failed to get Firebase project simply-c2c77. Please make sure the project exists and your account has permission to access it.
[debug] [2022-08-30T21:19:29.619Z] ----------------------------------------------------------------------
[debug] [2022-08-30T21:19:29.621Z] Command:       C:\Program Files\nodejs\node.exe C:\Users\khube\AppData\Roaming\npm\node_modules\firebase-tools\lib\bin\firebase.js deploy
[debug] [2022-08-30T21:19:29.621Z] CLI Version:   10.7.2
[debug] [2022-08-30T21:19:29.621Z] Platform:      win32
[debug] [2022-08-30T21:19:29.621Z] Node Version:  v16.13.2
[debug] [2022-08-30T21:19:29.622Z] Time:          Tue Aug 30 2022 23:19:29 GMT+0200 (czas środkowoeuropejski letni)
[debug] [2022-08-30T21:19:29.622Z] ----------------------------------------------------------------------
[debug] 
[debug] [2022-08-30T21:19:29.665Z] > command requires scopes: ["email","openid","https://www.googleapis.com/auth/cloudplatformprojects.readonly","https://www.googleapis.com/auth/firebase","https://www.googleapis.com/auth/cloud-platform"]
[debug] [2022-08-30T21:19:29.665Z] > authorizing via signed-in user (olesnicawiara.zsz@gmail.com)
[debug] [2022-08-30T21:19:29.665Z] [iam] checking project simply-c2c77 for permissions ["firebase.projects.get","firebasehosting.sites.update"]
[debug] [2022-08-30T21:19:29.667Z] >>> [apiv2][query] POST https://cloudresourcemanager.googleapis.com/v1/projects/simply-c2c77:testIamPermissions [none]
[debug] [2022-08-30T21:19:29.667Z] >>> [apiv2][body] POST https://cloudresourcemanager.googleapis.com/v1/projects/simply-c2c77:testIamPermissions {"permissions":["firebase.projects.get","firebasehosting.sites.update"]}
[debug] [2022-08-30T21:19:30.614Z] <<< [apiv2][status] POST https://cloudresourcemanager.googleapis.com/v1/projects/simply-c2c77:testIamPermissions 200
[debug] [2022-08-30T21:19:30.615Z] <<< [apiv2][body] POST https://cloudresourcemanager.googleapis.com/v1/projects/simply-c2c77:testIamPermissions {}
[debug] [2022-08-30T21:19:30.615Z] [iam] error while checking permissions, command may fail: FirebaseError: Authorization failed. This account is missing the following required permissions on project simply-c2c77:

  firebase.projects.get
  firebasehosting.sites.update
[debug] [2022-08-30T21:19:30.616Z] >>> [apiv2][query] GET https://firebase.googleapis.com/v1beta1/projects/simply-c2c77 [none]
[debug] [2022-08-30T21:19:30.947Z] <<< [apiv2][status] GET https://firebase.googleapis.com/v1beta1/projects/simply-c2c77 403
[debug] [2022-08-30T21:19:30.947Z] <<< [apiv2][body] GET https://firebase.googleapis.com/v1beta1/projects/simply-c2c77 {"error":{"code":403,"message":"The caller does not have permission","status":"PERMISSION_DENIED"}}
[debug] [2022-08-30T21:19:30.948Z] HTTP Error: 403, The caller does not have permission
[debug] [2022-08-30T21:19:30.948Z] FirebaseError: HTTP Error: 403, The caller does not have permission
    at module.exports (C:\Users\khube\AppData\Roaming\npm\node_modules\firebase-tools\lib\responseToError.js:47:12)
    at RetryOperation._fn (C:\Users\khube\AppData\Roaming\npm\node_modules\firebase-tools\lib\apiv2.js:286:39)
    at processTicksAndRejections (node:internal/process/task_queues:96:5)
[error] 
[error] Error: Failed to get Firebase project simply-c2c77. Please make sure the project exists and your account has permission to access it.
[debug] [2022-08-30T21:20:14.096Z] ----------------------------------------------------------------------
[debug] [2022-08-30T21:20:14.097Z] Command:       C:\Program Files\nodejs\node.exe C:\Users\khube\AppData\Roaming\npm\node_modules\firebase-tools\lib\bin\firebase.js deploy
[debug] [2022-08-30T21:20:14.098Z] CLI Version:   10.7.2
[debug] [2022-08-30T21:20:14.098Z] Platform:      win32
[debug] [2022-08-30T21:20:14.098Z] Node Version:  v16.13.2
[debug] [2022-08-30T21:20:14.099Z] Time:          Tue Aug 30 2022 23:20:14 GMT+0200 (czas środkowoeuropejski letni)
[debug] [2022-08-30T21:20:14.099Z] ----------------------------------------------------------------------
[debug] 
[debug] [2022-08-30T21:20:14.140Z] > command requires scopes: ["email","openid","https://www.googleapis.com/auth/cloudplatformprojects.readonly","https://www.googleapis.com/auth/firebase","https://www.googleapis.com/auth/cloud-platform"]
[debug] [2022-08-30T21:20:14.140Z] > authorizing via signed-in user (olesnicawiara.zsz@gmail.com)
[debug] [2022-08-30T21:20:14.140Z] [iam] checking project simply-c2c77 for permissions ["firebase.projects.get","firebasehosting.sites.update"]
[debug] [2022-08-30T21:20:14.142Z] >>> [apiv2][query] POST https://cloudresourcemanager.googleapis.com/v1/projects/simply-c2c77:testIamPermissions [none]
[debug] [2022-08-30T21:20:14.142Z] >>> [apiv2][body] POST https://cloudresourcemanager.googleapis.com/v1/projects/simply-c2c77:testIamPermissions {"permissions":["firebase.projects.get","firebasehosting.sites.update"]}
[debug] [2022-08-30T21:20:15.004Z] <<< [apiv2][status] POST https://cloudresourcemanager.googleapis.com/v1/projects/simply-c2c77:testIamPermissions 200
[debug] [2022-08-30T21:20:15.004Z] <<< [apiv2][body] POST https://cloudresourcemanager.googleapis.com/v1/projects/simply-c2c77:testIamPermissions {}
[debug] [2022-08-30T21:20:15.005Z] [iam] error while checking permissions, command may fail: FirebaseError: Authorization failed. This account is missing the following required permissions on project simply-c2c77:

  firebase.projects.get
  firebasehosting.sites.update
[debug] [2022-08-30T21:20:15.005Z] >>> [apiv2][query] GET https://firebase.googleapis.com/v1beta1/projects/simply-c2c77 [none]
[debug] [2022-08-30T21:20:15.347Z] <<< [apiv2][status] GET https://firebase.googleapis.com/v1beta1/projects/simply-c2c77 403
[debug] [2022-08-30T21:20:15.347Z] <<< [apiv2][body] GET https://firebase.googleapis.com/v1beta1/projects/simply-c2c77 {"error":{"code":403,"message":"The caller does not have permission","status":"PERMISSION_DENIED"}}
[debug] [2022-08-30T21:20:15.348Z] HTTP Error: 403, The caller does not have permission
[debug] [2022-08-30T21:20:15.348Z] FirebaseError: HTTP Error: 403, The caller does not have permission
    at module.exports (C:\Users\khube\AppData\Roaming\npm\node_modules\firebase-tools\lib\responseToError.js:47:12)
    at RetryOperation._fn (C:\Users\khube\AppData\Roaming\npm\node_modules\firebase-tools\lib\apiv2.js:286:39)
    at processTicksAndRejections (node:internal/process/task_queues:96:5)
[error] 
[error] Error: Failed to get Firebase project simply-c2c77. Please make sure the project exists and your account has permission to access it.
